<?xml version="1.0" encoding="UTF-8"?>
<testsuite xmlns:xsi="http://www.w3.org/2001/XMLSchema-instance" xsi:noNamespaceSchemaLocation="https://maven.apache.org/surefire/maven-surefire-plugin/xsd/surefire-test-report-3.0.xsd" version="3.0" name="com.demo.toolrental.CheckoutControllerIntegrationTest" time="5.809" tests="6" errors="0" skipped="0" failures="0">
  <properties>
[...]
</properties>
  <testcase name="testCheckoutEndpoint(String, String, int, String, String, String, String, String, int, String, String, int, String, String, String)[1]" classname="com.demo.toolrental.CheckoutControllerIntegrationTest" time="0.815">
    <system-out><![CDATA[13:16:09.520 [main] INFO org.springframework.test.context.support.AnnotationConfigContextLoaderUtils -- Could not detect default configuration classes for test class [com.demo.toolrental.CheckoutControllerIntegrationTest]: CheckoutControllerIntegrationTest does not declare any static, non-private, non-final, nested classes annotated with @Configuration.
13:16:09.698 [main] INFO org.springframework.boot.test.context.SpringBootTestContextBootstrapper -- Found @SpringBootConfiguration com.demo.toolrental.ToolRentalApplication for test class com.demo.toolrental.CheckoutControllerIntegrationTest

  .   ____          _            __ _ _
 /\\ / ___'_ __ _ _(_)_ __  __ _ \ \ \ \
( ( )\___ | '_ | '_| | '_ \/ _` | \ \ \ \
 \\/  ___)| |_)| | | | | || (_| |  ) ) ) )
  '  |____| .__|_| |_|_| |_\__, | / / / /
 =========|_|==============|___/=/_/_/_/

 :: Spring Boot ::                (v3.3.2)

2024-07-29T13:16:10.254-05:00  INFO 21340 --- [tool-rental] [           main] c.d.t.CheckoutControllerIntegrationTest  : Starting CheckoutControllerIntegrationTest using Java 17.0.10 with PID 21340 (started by yash.bhatt in C:\Users\yash.bhatt\Desktop\ap0285)
2024-07-29T13:16:10.255-05:00  INFO 21340 --- [tool-rental] [           main] c.d.t.CheckoutControllerIntegrationTest  : The following 1 profile is active: "test"
2024-07-29T13:16:11.024-05:00  INFO 21340 --- [tool-rental] [           main] .s.d.r.c.RepositoryConfigurationDelegate : Bootstrapping Spring Data JPA repositories in DEFAULT mode.
2024-07-29T13:16:11.083-05:00  INFO 21340 --- [tool-rental] [           main] .s.d.r.c.RepositoryConfigurationDelegate : Finished Spring Data repository scanning in 49 ms. Found 2 JPA repository interfaces.
2024-07-29T13:16:11.523-05:00  INFO 21340 --- [tool-rental] [           main] com.zaxxer.hikari.HikariDataSource       : HikariPool-1 - Starting...
2024-07-29T13:16:11.729-05:00  INFO 21340 --- [tool-rental] [           main] com.zaxxer.hikari.pool.HikariPool        : HikariPool-1 - Added connection conn0: url=jdbc:h2:mem:testdb user=SA
2024-07-29T13:16:11.735-05:00  INFO 21340 --- [tool-rental] [           main] com.zaxxer.hikari.HikariDataSource       : HikariPool-1 - Start completed.
2024-07-29T13:16:11.802-05:00  INFO 21340 --- [tool-rental] [           main] o.hibernate.jpa.internal.util.LogHelper  : HHH000204: Processing PersistenceUnitInfo [name: default]
2024-07-29T13:16:11.894-05:00  INFO 21340 --- [tool-rental] [           main] org.hibernate.Version                    : HHH000412: Hibernate ORM core version 6.5.2.Final
2024-07-29T13:16:11.942-05:00  INFO 21340 --- [tool-rental] [           main] o.h.c.internal.RegionFactoryInitiator    : HHH000026: Second-level cache disabled
2024-07-29T13:16:12.418-05:00  INFO 21340 --- [tool-rental] [           main] o.s.o.j.p.SpringPersistenceUnitInfo      : No LoadTimeWeaver setup: ignoring JPA class transformer
2024-07-29T13:16:13.093-05:00  INFO 21340 --- [tool-rental] [           main] o.h.e.t.j.p.i.JtaPlatformInitiator       : HHH000489: No JTA platform available (set 'hibernate.transaction.jta.platform' to enable JTA platform integration)
2024-07-29T13:16:13.125-05:00  INFO 21340 --- [tool-rental] [           main] j.LocalContainerEntityManagerFactoryBean : Initialized JPA EntityManagerFactory for persistence unit 'default'
2024-07-29T13:16:13.603-05:00  WARN 21340 --- [tool-rental] [           main] JpaBaseConfiguration$JpaWebConfiguration : spring.jpa.open-in-view is enabled by default. Therefore, database queries may be performed during view rendering. Explicitly configure spring.jpa.open-in-view to disable this warning
2024-07-29T13:16:14.158-05:00  INFO 21340 --- [tool-rental] [           main] c.d.t.CheckoutControllerIntegrationTest  : Started CheckoutControllerIntegrationTest in 4.218 seconds (process running for 5.605)
2024-07-29T13:16:14.703-05:00  INFO 21340 --- [tool-rental] [           main] o.s.b.t.m.w.SpringBootMockServletContext : Initializing Spring TestDispatcherServlet ''
2024-07-29T13:16:14.703-05:00  INFO 21340 --- [tool-rental] [           main] o.s.t.web.servlet.TestDispatcherServlet  : Initializing Servlet ''
2024-07-29T13:16:14.706-05:00  INFO 21340 --- [tool-rental] [           main] o.s.t.web.servlet.TestDispatcherServlet  : Completed initialization in 1 ms
2024-07-29T13:16:14.719-05:00  INFO 21340 --- [tool-rental] [           main] c.d.t.CheckoutControllerIntegrationTest  : Running test case number: TestCaseNumber_2

MockHttpServletRequest:
      HTTP Method = POST
      Request URI = /api/checkout
       Parameters = {}
          Headers = [Content-Type:"application/json;charset=utf-8", Content-Length:"103"]
             Body = {
  "toolCode": "LADW",
  "rentalDayCount": 3,
  "discountPercent": "10%",
  "checkoutDate": "7/2/20"
}
    Session Attrs = {}

Handler:
             Type = com.demo.toolrental.controller.CheckoutController
           Method = com.demo.toolrental.controller.CheckoutController#checkout(CheckoutRequest)

Async:
    Async started = false
     Async result = null

Resolved Exception:
             Type = null

ModelAndView:
        View name = null
             View = null
            Model = null

FlashMap:
       Attributes = null

MockHttpServletResponse:
           Status = 200
    Error message = null
          Headers = [Content-Type:"application/json"]
     Content type = application/json
             Body = {"toolCode":"LADW","toolType":"Ladder","toolBrand":"Werner","rentalDays":3,"checkoutDate":"07/02/20","dueDate":"07/04/20","dailyRentalCharge":"$1.99","chargeDays":2,"preDiscountCharge":"$3.98","discountPercent":"10%","discountAmount":"$0.40","finalCharge":"$3.58"}
    Forwarded URL = null
   Redirected URL = null
          Cookies = []
]]></system-out>
  </testcase>
  <testcase name="testCheckoutEndpoint(String, String, int, String, String, String, String, String, int, String, String, int, String, String, String)[2]" classname="com.demo.toolrental.CheckoutControllerIntegrationTest" time="0.016">
    <system-out><![CDATA[2024-07-29T13:16:15.001-05:00  INFO 21340 --- [tool-rental] [           main] o.s.b.t.m.w.SpringBootMockServletContext : Initializing Spring TestDispatcherServlet ''
2024-07-29T13:16:15.001-05:00  INFO 21340 --- [tool-rental] [           main] o.s.t.web.servlet.TestDispatcherServlet  : Initializing Servlet ''
2024-07-29T13:16:15.002-05:00  INFO 21340 --- [tool-rental] [           main] o.s.t.web.servlet.TestDispatcherServlet  : Completed initialization in 1 ms
2024-07-29T13:16:15.003-05:00  INFO 21340 --- [tool-rental] [           main] c.d.t.CheckoutControllerIntegrationTest  : Running test case number: TestCaseNumber_3

MockHttpServletRequest:
      HTTP Method = POST
      Request URI = /api/checkout
       Parameters = {}
          Headers = [Content-Type:"application/json;charset=utf-8", Content-Length:"103"]
             Body = {
  "toolCode": "CHNS",
  "rentalDayCount": 5,
  "discountPercent": "25%",
  "checkoutDate": "7/2/15"
}
    Session Attrs = {}

Handler:
             Type = com.demo.toolrental.controller.CheckoutController
           Method = com.demo.toolrental.controller.CheckoutController#checkout(CheckoutRequest)

Async:
    Async started = false
     Async result = null

Resolved Exception:
             Type = null

ModelAndView:
        View name = null
             View = null
            Model = null

FlashMap:
       Attributes = null

MockHttpServletResponse:
           Status = 200
    Error message = null
          Headers = [Content-Type:"application/json"]
     Content type = application/json
             Body = {"toolCode":"CHNS","toolType":"Chainsaw","toolBrand":"Stihl","rentalDays":5,"checkoutDate":"07/02/15","dueDate":"07/06/15","dailyRentalCharge":"$1.49","chargeDays":3,"preDiscountCharge":"$4.47","discountPercent":"25%","discountAmount":"$1.12","finalCharge":"$3.35"}
    Forwarded URL = null
   Redirected URL = null
          Cookies = []
]]></system-out>
  </testcase>
  <testcase name="testCheckoutEndpoint(String, String, int, String, String, String, String, String, int, String, String, int, String, String, String)[3]" classname="com.demo.toolrental.CheckoutControllerIntegrationTest" time="0.012">
    <system-out><![CDATA[2024-07-29T13:16:15.018-05:00  INFO 21340 --- [tool-rental] [           main] o.s.b.t.m.w.SpringBootMockServletContext : Initializing Spring TestDispatcherServlet ''
2024-07-29T13:16:15.019-05:00  INFO 21340 --- [tool-rental] [           main] o.s.t.web.servlet.TestDispatcherServlet  : Initializing Servlet ''
2024-07-29T13:16:15.019-05:00  INFO 21340 --- [tool-rental] [           main] o.s.t.web.servlet.TestDispatcherServlet  : Completed initialization in 0 ms
2024-07-29T13:16:15.020-05:00  INFO 21340 --- [tool-rental] [           main] c.d.t.CheckoutControllerIntegrationTest  : Running test case number: TestCaseNumber_4

MockHttpServletRequest:
      HTTP Method = POST
      Request URI = /api/checkout
       Parameters = {}
          Headers = [Content-Type:"application/json;charset=utf-8", Content-Length:"102"]
             Body = {
  "toolCode": "JAKD",
  "rentalDayCount": 6,
  "discountPercent": "0%",
  "checkoutDate": "9/3/15"
}
    Session Attrs = {}

Handler:
             Type = com.demo.toolrental.controller.CheckoutController
           Method = com.demo.toolrental.controller.CheckoutController#checkout(CheckoutRequest)

Async:
    Async started = false
     Async result = null

Resolved Exception:
             Type = null

ModelAndView:
        View name = null
             View = null
            Model = null

FlashMap:
       Attributes = null

MockHttpServletResponse:
           Status = 200
    Error message = null
          Headers = [Content-Type:"application/json"]
     Content type = application/json
             Body = {"toolCode":"JAKD","toolType":"Jackhammer","toolBrand":"DeWalt","rentalDays":6,"checkoutDate":"09/03/15","dueDate":"09/08/15","dailyRentalCharge":"$2.99","chargeDays":3,"preDiscountCharge":"$8.97","discountPercent":"0%","discountAmount":"$0.00","finalCharge":"$8.97"}
    Forwarded URL = null
   Redirected URL = null
          Cookies = []
]]></system-out>
  </testcase>
  <testcase name="testCheckoutEndpoint(String, String, int, String, String, String, String, String, int, String, String, int, String, String, String)[4]" classname="com.demo.toolrental.CheckoutControllerIntegrationTest" time="0.011">
    <system-out><![CDATA[2024-07-29T13:16:15.031-05:00  INFO 21340 --- [tool-rental] [           main] o.s.b.t.m.w.SpringBootMockServletContext : Initializing Spring TestDispatcherServlet ''
2024-07-29T13:16:15.031-05:00  INFO 21340 --- [tool-rental] [           main] o.s.t.web.servlet.TestDispatcherServlet  : Initializing Servlet ''
2024-07-29T13:16:15.032-05:00  INFO 21340 --- [tool-rental] [           main] o.s.t.web.servlet.TestDispatcherServlet  : Completed initialization in 1 ms
2024-07-29T13:16:15.032-05:00  INFO 21340 --- [tool-rental] [           main] c.d.t.CheckoutControllerIntegrationTest  : Running test case number: TestCaseNumber_5

MockHttpServletRequest:
      HTTP Method = POST
      Request URI = /api/checkout
       Parameters = {}
          Headers = [Content-Type:"application/json;charset=utf-8", Content-Length:"102"]
             Body = {
  "toolCode": "JAKR",
  "rentalDayCount": 9,
  "discountPercent": "0%",
  "checkoutDate": "7/2/15"
}
    Session Attrs = {}

Handler:
             Type = com.demo.toolrental.controller.CheckoutController
           Method = com.demo.toolrental.controller.CheckoutController#checkout(CheckoutRequest)

Async:
    Async started = false
     Async result = null

Resolved Exception:
             Type = null

ModelAndView:
        View name = null
             View = null
            Model = null

FlashMap:
       Attributes = null

MockHttpServletResponse:
           Status = 200
    Error message = null
          Headers = [Content-Type:"application/json"]
     Content type = application/json
             Body = {"toolCode":"JAKR","toolType":"Jackhammer","toolBrand":"Ridgid","rentalDays":9,"checkoutDate":"07/02/15","dueDate":"07/10/15","dailyRentalCharge":"$2.99","chargeDays":6,"preDiscountCharge":"$17.94","discountPercent":"0%","discountAmount":"$0.00","finalCharge":"$17.94"}
    Forwarded URL = null
   Redirected URL = null
          Cookies = []
]]></system-out>
  </testcase>
  <testcase name="testCheckoutEndpoint(String, String, int, String, String, String, String, String, int, String, String, int, String, String, String)[5]" classname="com.demo.toolrental.CheckoutControllerIntegrationTest" time="0.015">
    <system-out><![CDATA[2024-07-29T13:16:15.045-05:00  INFO 21340 --- [tool-rental] [           main] o.s.b.t.m.w.SpringBootMockServletContext : Initializing Spring TestDispatcherServlet ''
2024-07-29T13:16:15.045-05:00  INFO 21340 --- [tool-rental] [           main] o.s.t.web.servlet.TestDispatcherServlet  : Initializing Servlet ''
2024-07-29T13:16:15.045-05:00  INFO 21340 --- [tool-rental] [           main] o.s.t.web.servlet.TestDispatcherServlet  : Completed initialization in 0 ms
2024-07-29T13:16:15.046-05:00  INFO 21340 --- [tool-rental] [           main] c.d.t.CheckoutControllerIntegrationTest  : Running test case number: TestCaseNumber_6

MockHttpServletRequest:
      HTTP Method = POST
      Request URI = /api/checkout
       Parameters = {}
          Headers = [Content-Type:"application/json;charset=utf-8", Content-Length:"103"]
             Body = {
  "toolCode": "JAKR",
  "rentalDayCount": 4,
  "discountPercent": "50%",
  "checkoutDate": "7/2/20"
}
    Session Attrs = {}

Handler:
             Type = com.demo.toolrental.controller.CheckoutController
           Method = com.demo.toolrental.controller.CheckoutController#checkout(CheckoutRequest)

Async:
    Async started = false
     Async result = null

Resolved Exception:
             Type = null

ModelAndView:
        View name = null
             View = null
            Model = null

FlashMap:
       Attributes = null

MockHttpServletResponse:
           Status = 200
    Error message = null
          Headers = [Content-Type:"application/json"]
     Content type = application/json
             Body = {"toolCode":"JAKR","toolType":"Jackhammer","toolBrand":"Ridgid","rentalDays":4,"checkoutDate":"07/02/20","dueDate":"07/05/20","dailyRentalCharge":"$2.99","chargeDays":1,"preDiscountCharge":"$2.99","discountPercent":"50%","discountAmount":"$1.50","finalCharge":"$1.50"}
    Forwarded URL = null
   Redirected URL = null
          Cookies = []
]]></system-out>
  </testcase>
  <testcase name="testCheckoutEndpointError(String, String, int, String, String, String, String)[1]" classname="com.demo.toolrental.CheckoutControllerIntegrationTest" time="0.019">
    <system-out><![CDATA[2024-07-29T13:16:15.066-05:00  INFO 21340 --- [tool-rental] [           main] o.s.b.t.m.w.SpringBootMockServletContext : Initializing Spring TestDispatcherServlet ''
2024-07-29T13:16:15.066-05:00  INFO 21340 --- [tool-rental] [           main] o.s.t.web.servlet.TestDispatcherServlet  : Initializing Servlet ''
2024-07-29T13:16:15.067-05:00  INFO 21340 --- [tool-rental] [           main] o.s.t.web.servlet.TestDispatcherServlet  : Completed initialization in 1 ms
2024-07-29T13:16:15.067-05:00  INFO 21340 --- [tool-rental] [           main] c.d.t.CheckoutControllerIntegrationTest  : Running test case number: TestCaseNumber_1

MockHttpServletRequest:
      HTTP Method = POST
      Request URI = /api/checkout
       Parameters = {}
          Headers = [Content-Type:"application/json;charset=utf-8", Content-Length:"104"]
             Body = {
  "toolCode": "JAKR",
  "rentalDayCount": 5,
  "discountPercent": "101%",
  "checkoutDate": "9/3/15"
}
    Session Attrs = {}

Handler:
             Type = com.demo.toolrental.controller.CheckoutController
           Method = com.demo.toolrental.controller.CheckoutController#checkout(CheckoutRequest)

Async:
    Async started = false
     Async result = null

Resolved Exception:
             Type = org.springframework.http.converter.HttpMessageNotReadableException

ModelAndView:
        View name = null
             View = null
            Model = null

FlashMap:
       Attributes = null

MockHttpServletResponse:
           Status = 400
    Error message = null
          Headers = [Content-Type:"application/json"]
     Content type = application/json
             Body = {"errorCode":"DISCOUNT_PERCENT_ERROR","errorMessage":"Discount percent must be between 0 and 100.","timestamp":"2024-07-29T13:16:15.0768807"}
    Forwarded URL = null
   Redirected URL = null
          Cookies = []
]]></system-out>
  </testcase>
</testsuite>